<?xml version="1.0" encoding="UTF-8"?>
<testsuite name="ch.zhaw.ads.ADS3_2_test" tests="1" skipped="0" failures="0" errors="0" timestamp="2025-10-08T15:39:23" hostname="MICHAELBIGGER" time="0.002">
  <properties/>
  <testcase name="testCreateList()" classname="ch.zhaw.ads.ADS3_2_test" time="0.002"/>
  <system-out><![CDATA[]]></system-out>
  <system-err><![CDATA[]]></system-err>
</testsuite>
