<?xml version="1.0" encoding="UTF-8"?>
<testsuite name="ch.zhaw.ads.ADS3_1_test" tests="2" skipped="0" failures="0" errors="0" timestamp="2025-10-08T15:39:23" hostname="MICHAELBIGGER" time="0.014">
  <properties/>
  <testcase name="testCompare()" classname="ch.zhaw.ads.ADS3_1_test" time="0.01"/>
  <testcase name="testEquals()" classname="ch.zhaw.ads.ADS3_1_test" time="0.003"/>
  <system-out><![CDATA[]]></system-out>
  <system-err><![CDATA[]]></system-err>
</testsuite>
